Arguments: 
  /home/desenvolvimento/.asdf/installs/nodejs/18.2.0/bin/node /home/desenvolvimento/.asdf/installs/nodejs/18.2.0/.npm/bin/yarn init

PATH: 
  /home/desenvolvimento/.asdf/plugins/nodejs/shims:/home/desenvolvimento/.asdf/installs/nodejs/18.2.0/.npm/bin:/home/desenvolvimento/.asdf/installs/nodejs/18.2.0/bin:/home/desenvolvimento/.rbenv/shims:/home/desenvolvimento/.rbenv/bin:/home/desenvolvimento/.asdf/shims:/home/desenvolvimento/.asdf/bin:/usr/local/sbin:/usr/local/bin:/usr/sbin:/usr/bin:/sbin:/bin:/usr/games:/usr/local/games:/usr/lib/wsl/lib:/mnt/c/Program Files/WindowsApps/CanonicalGroupLimited.UbuntuonWindows_2004.2022.1.0_x64__79rhkp1fndgsc:/mnt/c/Program Files/Common Files/Oracle/Java/javapath:/mnt/c/Program Files (x86)/Embarcadero/Studio/17.0/bin:/mnt/c/Users/Public/Documents/Embarcadero/Studio/17.0/Bpl:/mnt/c/Program Files (x86)/Embarcadero/Studio/17.0/bin64:/mnt/c/Users/Public/Documents/Embarcadero/Studio/17.0/Bpl/Win64:/mnt/c/WINDOWS/system32:/mnt/c/WINDOWS:/mnt/c/WINDOWS/System32/Wbem:/mnt/c/WINDOWS/System32/WindowsPowerShell/v1.0/:/mnt/c/WINDOWS/System32/OpenSSH/:/mnt/c/Program Files/dotnet/:/mnt/c/Program Files/Microsoft SQL Server/130/Tools/Binn/:/mnt/c/Program Files/Microsoft SQL Server/Client SDK/ODBC/170/Tools/Binn/:/mnt/e/InstallAware X8:/mnt/c/Program Files/MySQL/MySQL Server 5.5/bin:/mnt/c/Program Files (x86)/MySQL/MySQL Server 4.1/bin:/mnt/c/Program Files (x86)/Windows Kits/8.1/Windows Performance Toolkit/:/mnt/c/Program Files/Microsoft SQL Server/110/Tools/Binn/:/mnt/c/Program Files (x86)/Microsoft SDKs/TypeScript/1.0/:/mnt/c/Program Files/Microsoft SQL Server/120/Tools/Binn/:/mnt/c/Program Files/Microsoft SQL Server/150/Tools/Binn/:/mnt/c/Program Files/nodejs/:/mnt/c/Program Files/Java/jdk-18.0.1.1/bin:/mnt/c/Users/Fabio/AppData/Local/Microsoft/WindowsApps:/mnt/e/Users/Fabio/AppData/Local/Programs/Microsoft VS Code/bin:/mnt/c/Users/Fabio/.dotnet/tools:/mnt/c/Users/Fabio/AppData/Roaming/npm:/snap/bin:/home/desenvolvimento/.dotnet/tools

Yarn version: 
  1.22.18

Node version: 
  18.2.0

Platform: 
  linux x64

Trace: 
  Error: canceled
      at Interface.<anonymous> (/home/desenvolvimento/.asdf/installs/nodejs/18.2.0/.npm/lib/node_modules/yarn/lib/cli.js:137143:13)
      at Interface.emit (node:events:527:28)
      at [_ttyWrite] [as _ttyWrite] (node:internal/readline/interface:1123:18)
      at ReadStream.onkeypress (node:internal/readline/interface:272:20)
      at ReadStream.emit (node:events:527:28)
      at emitKeys (node:internal/readline/utils:358:14)
      at emitKeys.next (<anonymous>)
      at ReadStream.onData (node:internal/readline/emitKeypressEvents:64:36)
      at ReadStream.emit (node:events:527:28)
      at addChunk (node:internal/streams/readable:324:12)

npm manifest: 
  No manifest

yarn manifest: 
  No manifest

Lockfile: 
  No lockfile
